2025-09-08 09:03:32,371 - ERROR - \u26a0\ufe0f Email already registered!
2025-09-08 09:03:48,532 - ERROR - Invalid email or password!
2025-09-08 09:05:22,441 - INFO - Program closed.
2025-09-08 09:06:05,488 - INFO - Customer dora registered successfully!
2025-09-08 09:06:11,249 - DEBUG - dora selected option: 1
2025-09-08 09:06:11,250 - INFO - Showing Food Menu
2025-09-08 09:06:31,815 - DEBUG - dora selected option: 4
2025-09-08 09:06:31,822 - INFO - dora logged out.
2025-09-08 09:06:45,940 - INFO -  Customer dora logged in!
2025-09-08 09:14:33,821 - DEBUG - dora selected option: & "C:/Users/Dorathy S R/AppData/Local/Microsoft/WindowsApps/python3.13.exe" "c:/Users/Dorathy S R/Desktop/python practice/book and cafe/first_page.py"
2025-09-08 09:14:33,843 - ERROR - Invalid menu choice!
2025-09-08 09:14:40,489 - DEBUG - dora selected option: 4
2025-09-08 09:14:40,491 - INFO - dora logged out.
2025-09-08 09:14:51,169 - INFO -  Customer dora logged in!
2025-09-08 09:14:52,882 - DEBUG - dora selected option: 1
2025-09-08 09:14:52,885 - INFO - Showing Food Menu
2025-09-08 09:37:41,309 - DEBUG - dora selected option: 4
2025-09-08 09:37:41,335 - INFO - dora logged out.
2025-09-08 09:38:08,814 - INFO - Customer rathi registered successfully!
2025-09-08 09:38:11,059 - DEBUG - rathi selected option: 1
2025-09-08 09:38:11,060 - INFO - Showing Food Menu
2025-09-08 09:38:16,460 - DEBUG - rathi selected option: 2
2025-09-08 09:38:16,461 - INFO - Showing Beverages Menu
2025-09-08 09:38:19,342 - DEBUG - rathi selected option: 3
2025-09-08 09:38:19,344 - INFO - Showing Cafe Specials
2025-09-08 09:38:20,819 - DEBUG - rathi selected option: 4
2025-09-08 09:38:20,820 - INFO - rathi logged out.
2025-09-08 09:38:35,882 - INFO -  Customer rathi logged in!
2025-09-08 10:10:43,897 - DEBUG - rathi selected option: 4
2025-09-08 10:10:43,929 - INFO - rathi logged out.
2025-09-08 10:21:24,818 - ERROR - Invalid option on main menu!
2025-09-08 10:21:28,230 - ERROR - Invalid option on main menu!
2025-09-08 10:21:40,407 - INFO - Program closed.
